Started GET "/" for 127.0.0.1 at 2017-07-09 17:57:17 +0900
Processing by Rails::WelcomeController#index as HTML
  Rendering C:/Ruby22-x64/lib/ruby/gems/2.2.0/gems/railties-5.1.2/lib/rails/templates/rails/welcome/index.html.erb
  Rendered C:/Ruby22-x64/lib/ruby/gems/2.2.0/gems/railties-5.1.2/lib/rails/templates/rails/welcome/index.html.erb (3.0ms)
Completed 200 OK in 325ms (Views: 45.5ms)


Started GET "/" for 127.0.0.1 at 2017-07-09 18:37:40 +0900
Processing by Rails::WelcomeController#index as HTML
  Rendering C:/Ruby22-x64/lib/ruby/gems/2.2.0/gems/railties-5.1.2/lib/rails/templates/rails/welcome/index.html.erb
  Rendered C:/Ruby22-x64/lib/ruby/gems/2.2.0/gems/railties-5.1.2/lib/rails/templates/rails/welcome/index.html.erb (4.0ms)
Completed 200 OK in 315ms (Views: 41.2ms)


Started GET "/" for 127.0.0.1 at 2017-07-09 18:38:47 +0900
Processing by WelcomeController#index as HTML
  Rendering welcome/index.html.erb within layouts/application
  Rendered welcome/index.html.erb within layouts/application (0.0ms)
Completed 500 Internal Server Error in 921ms


  
ActionView::Template::Error (TypeError: ê°œì²´ê°€ ì´ ì†ì„± ë˜ëŠ” ë©”ì„œë“œë¥¼ ì§€ì›í•˜ì§€ ì•ŠìŠµë‹ˆë‹¤.):
    4:     <title>Blog</title>
    5:     <%= csrf_meta_tags %>
    6: 
    7:     <%= stylesheet_link_tag    'application', media: 'all', 'data-turbolinks-track': 'reload' %>
    8:     <%= javascript_include_tag 'application', 'data-turbolinks-track': 'reload' %>
    9:   </head>
   10: 
  
app/views/layouts/application.html.erb:7:in `_app_views_layouts_application_html_erb__1304930960_21641220'
Started GET "/" for 127.0.0.1 at 2017-07-09 18:39:32 +0900
Processing by WelcomeController#index as HTML
  Rendering welcome/index.html.erb within layouts/application
  Rendered welcome/index.html.erb within layouts/application (1.0ms)
Completed 500 Internal Server Error in 170ms


  
ActionView::Template::Error (TypeError: ê°œì²´ê°€ ì´ ì†ì„± ë˜ëŠ” ë©”ì„œë“œë¥¼ ì§€ì›í•˜ì§€ ì•ŠìŠµë‹ˆë‹¤.):
    4:     <title>Blog</title>
    5:     <%= csrf_meta_tags %>
    6: 
    7:     <%= stylesheet_link_tag    'application', media: 'all', 'data-turbolinks-track': 'reload' %>
    8:     <%= javascript_include_tag 'application', 'data-turbolinks-track': 'reload' %>
    9:   </head>
   10: 
  
app/views/layouts/application.html.erb:7:in `_app_views_layouts_application_html_erb__1304930960_110911320'
Started GET "/welcome/index" for 127.0.0.1 at 2017-07-09 18:40:34 +0900
Processing by WelcomeController#index as HTML
  Rendering welcome/index.html.erb within layouts/application
  Rendered welcome/index.html.erb within layouts/application (0.0ms)
Completed 500 Internal Server Error in 159ms


  
ActionView::Template::Error (TypeError: ê°œì²´ê°€ ì´ ì†ì„± ë˜ëŠ” ë©”ì„œë“œë¥¼ ì§€ì›í•˜ì§€ ì•ŠìŠµë‹ˆë‹¤.):
    4:     <title>Blog</title>
    5:     <%= csrf_meta_tags %>
    6: 
    7:     <%= stylesheet_link_tag    'application', media: 'all', 'data-turbolinks-track': 'reload' %>
    8:     <%= javascript_include_tag 'application', 'data-turbolinks-track': 'reload' %>
    9:   </head>
   10: 
  
app/views/layouts/application.html.erb:7:in `_app_views_layouts_application_html_erb__1304930960_114023760'
Started GET "/welcome/index" for 127.0.0.1 at 2017-07-09 18:41:05 +0900
Processing by WelcomeController#index as HTML
  Rendering welcome/index.html.erb within layouts/application
  Rendered welcome/index.html.erb within layouts/application (0.0ms)
Completed 500 Internal Server Error in 184ms


  
ActionView::Template::Error (TypeError: ê°œì²´ê°€ ì´ ì†ì„± ë˜ëŠ” ë©”ì„œë“œë¥¼ ì§€ì›í•˜ì§€ ì•ŠìŠµë‹ˆë‹¤.):
    4:     <title>Blog</title>
    5:     <%= csrf_meta_tags %>
    6: 
    7:     <%= stylesheet_link_tag    'application', media: 'all', 'data-turbolinks-track': 'reload' %>
    8:     <%= javascript_include_tag 'application', 'data-turbolinks-track': 'reload' %>
    9:   </head>
   10: 
  
app/views/layouts/application.html.erb:7:in `_app_views_layouts_application_html_erb__1304930960_105871740'
Started GET "/welcome/index" for 127.0.0.1 at 2017-07-09 18:44:03 +0900
Processing by WelcomeController#index as HTML
  Rendering welcome/index.html.erb within layouts/application
  Rendered welcome/index.html.erb within layouts/application (0.0ms)
Completed 500 Internal Server Error in 53ms


  
ActionView::Template::Error (Your template was not saved as valid UTF-8. Please either specify UTF-8 as the encoding for your template in your text editor, or mark the template with its encoding by inserting the following as the first line of the template:

# encoding: <name of correct encoding>.

The source of your template was:

<!DOCTYPE html>
<html>
  <head>
    <title>Blog</title>
    <%= csrf_meta_tags %>

# application  Àº ¼­¹ö¿¡¼­ »ç¿ë    <%= stylesheet_link_tag    'application', media: 'all', 'data-turbolinks-track': 'reload' %>

    <%= stylesheet_link_tag    'default', media: 'all', 'data-turbolinks-track': 'reload' %>
    <%= javascript_include_tag 'application', 'data-turbolinks-track': 'reload' %>
  </head>

  <body>
    <%= yield %>
  </body>
</html>
):
Started GET "/welcome/index" for 127.0.0.1 at 2017-07-09 18:44:08 +0900
Processing by WelcomeController#index as HTML
  Rendering welcome/index.html.erb within layouts/application
  Rendered welcome/index.html.erb within layouts/application (0.0ms)
Completed 500 Internal Server Error in 52ms


  
ActionView::Template::Error (Your template was not saved as valid UTF-8. Please either specify UTF-8 as the encoding for your template in your text editor, or mark the template with its encoding by inserting the following as the first line of the template:

# encoding: <name of correct encoding>.

The source of your template was:

<!DOCTYPE html>
<html>
  <head>
    <title>Blog</title>
    <%= csrf_meta_tags %>

# application  Àº ¼­¹ö¿¡¼­ »ç¿ë    <%= stylesheet_link_tag    'application', media: 'all', 'data-turbolinks-track': 'reload' %>

    <%= stylesheet_link_tag    'default', media: 'all', 'data-turbolinks-track': 'reload' %>
    <%= javascript_include_tag 'application', 'data-turbolinks-track': 'reload' %>
  </head>

  <body>
    <%= yield %>
  </body>
</html>
):
Started GET "/welcome/index" for 127.0.0.1 at 2017-07-09 18:44:18 +0900
Processing by WelcomeController#index as HTML
  Rendering welcome/index.html.erb within layouts/application
  Rendered welcome/index.html.erb within layouts/application (0.0ms)
Completed 500 Internal Server Error in 69ms


  
ActionView::Template::Error (The asset "default.css" is not present in the asset pipeline.):
    4:     <title>Blog</title>
    5:     <%= csrf_meta_tags %>
    6: 
    7:     <%= stylesheet_link_tag    'default', media: 'all', 'data-turbolinks-track': 'reload' %>
    8:     <%= javascript_include_tag 'application', 'data-turbolinks-track': 'reload' %>
    9:   </head>
   10: 
  
app/views/layouts/application.html.erb:7:in `_app_views_layouts_application_html_erb__1304930960_99389140'
Started GET "/welcome/index" for 127.0.0.1 at 2017-07-09 18:44:20 +0900
Processing by WelcomeController#index as HTML
  Rendering welcome/index.html.erb within layouts/application
  Rendered welcome/index.html.erb within layouts/application (1.0ms)
Completed 500 Internal Server Error in 1246ms


  
ActionView::Template::Error (The asset "default.css" is not present in the asset pipeline.):
    4:     <title>Blog</title>
    5:     <%= csrf_meta_tags %>
    6: 
    7:     <%= stylesheet_link_tag    'default', media: 'all', 'data-turbolinks-track': 'reload' %>
    8:     <%= javascript_include_tag 'application', 'data-turbolinks-track': 'reload' %>
    9:   </head>
   10: 
  
app/views/layouts/application.html.erb:7:in `_app_views_layouts_application_html_erb__1304930960_111084900'
Started GET "/welcome/index" for 127.0.0.1 at 2017-07-09 18:44:56 +0900
Processing by WelcomeController#index as HTML
  Rendering welcome/index.html.erb within layouts/application
  Rendered welcome/index.html.erb within layouts/application (1.0ms)
Completed 500 Internal Server Error in 74ms


  
ActionView::Template::Error (The asset "default.css" is not present in the asset pipeline.):
    4:     <title>Blog</title>
    5:     <%= csrf_meta_tags %>
    6: 
    7:     <%= stylesheet_link_tag    'default', media: 'all', 'data-turbolinks-track': 'reload' %>
    8:     <%= javascript_include_tag 'default', 'data-turbolinks-track': 'reload' %>
    9:   </head>
   10: 
  
app/views/layouts/application.html.erb:7:in `_app_views_layouts_application_html_erb__1304930960_93707080'
Started GET "/welcome/index" for 127.0.0.1 at 2017-07-09 18:46:55 +0900
Processing by WelcomeController#index as HTML
  Rendering welcome/index.html.erb within layouts/application
  Rendered welcome/index.html.erb within layouts/application (0.0ms)
Completed 500 Internal Server Error in 55ms


  
ActionView::Template::Error (The asset "default.css" is not present in the asset pipeline.):
    4:     <title>Blog</title>
    5:     <%= csrf_meta_tags %>
    6: 
    7:     <%= stylesheet_link_tag    'default', media: 'all', 'data-turbolinks-track' => true %>
    8:     <%= javascript_include_tag 'default', 'data-turbolinks-track': true %>
    9:   </head>
   10: 
  
app/views/layouts/application.html.erb:7:in `_app_views_layouts_application_html_erb__1304930960_112041440'
Started GET "/welcome/index" for 127.0.0.1 at 2017-07-09 18:47:20 +0900
Processing by WelcomeController#index as HTML
  Rendering welcome/index.html.erb within layouts/application
  Rendered welcome/index.html.erb within layouts/application (0.0ms)
Completed 500 Internal Server Error in 73ms


  
ActionView::Template::Error (The asset "default.css" is not present in the asset pipeline.):
    4:     <title>Blog</title>
    5:     <%= csrf_meta_tags %>
    6: 
    7:     <%= stylesheet_link_tag    'default', media: 'all', 'data-turbolinks-track' => true %>
    8:     <%= javascript_include_tag 'default', 'data-turbolinks-track' => true %>
    9:   </head>
   10: 
  
app/views/layouts/application.html.erb:7:in `_app_views_layouts_application_html_erb__1304930960_92667960'
Started GET "/welcome/index" for 127.0.0.1 at 2017-07-09 18:47:25 +0900
Processing by WelcomeController#index as HTML
  Rendering welcome/index.html.erb within layouts/application
  Rendered welcome/index.html.erb within layouts/application (0.0ms)
Completed 500 Internal Server Error in 70ms


  
ActionView::Template::Error (The asset "default.css" is not present in the asset pipeline.):
    4:     <title>Blog</title>
    5:     <%= csrf_meta_tags %>
    6: 
    7:     <%= stylesheet_link_tag    'default', media: 'all', 'data-turbolinks-track' => true %>
    8:     <%= javascript_include_tag 'default', 'data-turbolinks-track' => true %>
    9:   </head>
   10: 
  
app/views/layouts/application.html.erb:7:in `_app_views_layouts_application_html_erb__1304930960_112431580'
Started GET "/" for 127.0.0.1 at 2017-07-09 18:50:11 +0900
Processing by WelcomeController#index as HTML
  Rendering welcome/index.html.erb within layouts/application
  Rendered welcome/index.html.erb within layouts/application (1.0ms)
Completed 500 Internal Server Error in 174ms


  
ActionView::Template::Error (TypeError: ê°œì²´ê°€ ì´ ì†ì„± ë˜ëŠ” ë©”ì„œë“œë¥¼ ì§€ì›í•˜ì§€ ì•ŠìŠµë‹ˆë‹¤.):
    4:     <title>Blog</title>
    5:     <%= csrf_meta_tags %>
    6: 
    7:     <%= stylesheet_link_tag    'application', media: 'all', 'data-turbolinks-track': 'reload' %>
    8:     <%= javascript_include_tag 'application', 'data-turbolinks-track': 'reload' %>
    9:   </head>
   10: 
  
app/views/layouts/application.html.erb:7:in `_app_views_layouts_application_html_erb__1304930960_55363460'
